This is pdfTeX, Version 3.141592653-2.6-1.40.23 (TeX Live 2022/dev) (preloaded format=pdflatex 2021.12.7)  15 DEC 2021 09:33
entering extended mode
 restricted \write18 enabled.
 file:line:error style messages enabled.
 %&-line parsing enabled.
**"/Users/crabel/Documents/src/Papers/Energy and Bitcoin Mining Economics/mining_economics.tex"
(/Users/crabel/Documents/src/Papers/Energy and Bitcoin Mining Economics/mining_economics.tex
LaTeX2e <2021-11-15> patch level 1
L3 programming layer <2021-11-22> (./llncs.cls
Document Class: llncs 2018/03/10 v2.20 
 LaTeX document class for Lecture Notes in Computer Science
(/usr/local/texlive/2021/texmf-dist/tex/latex/base/article.cls
Document Class: article 2021/10/04 v1.4n Standard LaTeX document class
(/usr/local/texlive/2021/texmf-dist/tex/latex/base/size10.clo
File: size10.clo 2021/10/04 v1.4n Standard LaTeX file (size option)
)
\c@part=\count183
\c@section=\count184
\c@subsection=\count185
\c@subsubsection=\count186
\c@paragraph=\count187
\c@subparagraph=\count188
\c@figure=\count189
\c@table=\count190
\abovecaptionskip=\skip47
\belowcaptionskip=\skip48
\bibindent=\dimen138
) (/usr/local/texlive/2021/texmf-dist/tex/latex/tools/multicol.sty
Package: multicol 2021/10/28 v1.9b multicolumn formatting (FMi)
\c@tracingmulticols=\count191
\mult@box=\box50
\multicol@leftmargin=\dimen139
\c@unbalance=\count192
\c@collectmore=\count193
\doublecol@number=\count194
\multicoltolerance=\count195
\multicolpretolerance=\count196
\full@width=\dimen140
\page@free=\dimen141
\premulticols=\dimen142
\postmulticols=\dimen143
\multicolsep=\skip49
\multicolbaselineskip=\skip50
\partial@page=\box51
\last@line=\box52
\maxbalancingoverflow=\dimen144
\mult@rightbox=\box53
\mult@grightbox=\box54
\mult@firstbox=\box55
\mult@gfirstbox=\box56
\@tempa=\box57
\@tempa=\box58
\@tempa=\box59
\@tempa=\box60
\@tempa=\box61
\@tempa=\box62
\@tempa=\box63
\@tempa=\box64
\@tempa=\box65
\@tempa=\box66
\@tempa=\box67
\@tempa=\box68
\@tempa=\box69
\@tempa=\box70
\@tempa=\box71
\@tempa=\box72
\@tempa=\box73
\@tempa=\box74
\@tempa=\box75
\@tempa=\box76
\@tempa=\box77
\@tempa=\box78
\@tempa=\box79
\@tempa=\box80
\@tempa=\box81
\@tempa=\box82
\@tempa=\box83
\@tempa=\box84
\@tempa=\box85
\@tempa=\box86
\@tempa=\box87
\@tempa=\box88
\@tempa=\box89
\@tempa=\box90
\@tempa=\box91
\@tempa=\box92
\c@minrows=\count197
\c@columnbadness=\count198
\c@finalcolumnbadness=\count199
\last@try=\dimen145
\multicolovershoot=\dimen146
\multicolundershoot=\dimen147
\mult@nat@firstbox=\box93
\colbreak@box=\box94
\mc@col@check@num=\count266
) (/usr/local/texlive/2021/texmf-dist/tex/latex/oberdiek/aliascnt.sty
Package: aliascnt 2018/09/07 v1.5 Alias counters (HO)
)
\c@chapter=\count267
LaTeX Font Info:    Redeclaring math symbol \Gamma on input line 362.
LaTeX Font Info:    Redeclaring math symbol \Delta on input line 363.
LaTeX Font Info:    Redeclaring math symbol \Theta on input line 364.
LaTeX Font Info:    Redeclaring math symbol \Lambda on input line 365.
LaTeX Font Info:    Redeclaring math symbol \Xi on input line 366.
LaTeX Font Info:    Redeclaring math symbol \Pi on input line 367.
LaTeX Font Info:    Redeclaring math symbol \Sigma on input line 368.
LaTeX Font Info:    Redeclaring math symbol \Upsilon on input line 369.
LaTeX Font Info:    Redeclaring math symbol \Phi on input line 370.
LaTeX Font Info:    Redeclaring math symbol \Psi on input line 371.
LaTeX Font Info:    Redeclaring math symbol \Omega on input line 372.
\tocchpnum=\dimen148
\tocsecnum=\dimen149
\tocsectotal=\dimen150
\tocsubsecnum=\dimen151
\tocsubsectotal=\dimen152
\tocsubsubsecnum=\dimen153
\tocsubsubsectotal=\dimen154
\tocparanum=\dimen155
\tocparatotal=\dimen156
\tocsubparanum=\dimen157
\@tempcntc=\count268
\fnindent=\dimen158
\c@@inst=\count269
\c@@auth=\count270
\c@auco=\count271
\instindent=\dimen159
\authrun=\box95
\authorrunning=\toks16
\tocauthor=\toks17
\titrun=\box96
\titlerunning=\toks18
\toctitle=\toks19
\c@theorem=\count272
\c@case=\count273
\c@conjecture=\count274
\c@corollary=\count275
\c@definition=\count276
\c@example=\count277
\c@exercise=\count278
\c@lemma=\count279
\c@note=\count280
\c@problem=\count281
\c@property=\count282
\c@proposition=\count283
\c@question=\count284
\c@solution=\count285
\c@remark=\count286
\headlineindent=\dimen160
) (/usr/local/texlive/2021/texmf-dist/tex/latex/graphics/graphicx.sty
Package: graphicx 2021/09/16 v1.2d Enhanced LaTeX Graphics (DPC,SPQR)
 (/usr/local/texlive/2021/texmf-dist/tex/latex/graphics/keyval.sty
Package: keyval 2014/10/28 v1.15 key=value parser (DPC)
\KV@toks@=\toks20
) (/usr/local/texlive/2021/texmf-dist/tex/latex/graphics/graphics.sty
Package: graphics 2021/03/04 v1.4d Standard LaTeX Graphics (DPC,SPQR)
 (/usr/local/texlive/2021/texmf-dist/tex/latex/graphics/trig.sty
Package: trig 2021/08/11 v1.11 sin cos tan (DPC)
) (/usr/local/texlive/2021/texmf-dist/tex/latex/graphics-cfg/graphics.cfg
File: graphics.cfg 2016/06/04 v1.11 sample graphics configuration
)
Package graphics Info: Driver file: pdftex.def on input line 107.
 (/usr/local/texlive/2021/texmf-dist/tex/latex/graphics-def/pdftex.def
File: pdftex.def 2020/10/05 v1.2a Graphics/color driver for pdftex
))
\Gin@req@height=\dimen161
\Gin@req@width=\dimen162
) (/usr/local/texlive/2021/texmf-dist/tex/latex/l3backend/l3backend-pdftex.def
File: l3backend-pdftex.def 2021-10-18 L3 backend support: PDF output (pdfTeX)
\l__color_backend_stack_int=\count287
\l__pdf_internal_box=\box97
) (./mining_economics.aux)
\openout1 = `mining_economics.aux'.

LaTeX Font Info:    Checking defaults for OML/cmm/m/it on input line 16.
LaTeX Font Info:    ... okay on input line 16.
LaTeX Font Info:    Checking defaults for OMS/cmsy/m/n on input line 16.
LaTeX Font Info:    ... okay on input line 16.
LaTeX Font Info:    Checking defaults for OT1/cmr/m/n on input line 16.
LaTeX Font Info:    ... okay on input line 16.
LaTeX Font Info:    Checking defaults for T1/cmr/m/n on input line 16.
LaTeX Font Info:    ... okay on input line 16.
LaTeX Font Info:    Checking defaults for TS1/cmr/m/n on input line 16.
LaTeX Font Info:    ... okay on input line 16.
LaTeX Font Info:    Checking defaults for OMX/cmex/m/n on input line 16.
LaTeX Font Info:    ... okay on input line 16.
LaTeX Font Info:    Checking defaults for U/cmr/m/n on input line 16.
LaTeX Font Info:    ... okay on input line 16.
 (/usr/local/texlive/2021/texmf-dist/tex/context/base/mkii/supp-pdf.mkii
[Loading MPS to PDF converter (version 2006.09.02).]
\scratchcounter=\count288
\scratchdimen=\dimen163
\scratchbox=\box98
\nofMPsegments=\count289
\nofMParguments=\count290
\everyMPshowfont=\toks21
\MPscratchCnt=\count291
\MPscratchDim=\dimen164
\MPnumerator=\count292
\makeMPintoPDFobject=\count293
\everyMPtoPDFconversion=\toks22
) (/usr/local/texlive/2021/texmf-dist/tex/latex/epstopdf-pkg/epstopdf-base.sty
Package: epstopdf-base 2020-01-24 v2.11 Base part for package epstopdf
Package epstopdf-base Info: Redefining graphics rule for `.eps' on input line 485.
 (/usr/local/texlive/2021/texmf-dist/tex/latex/latexconfig/epstopdf-sys.cfg
File: epstopdf-sys.cfg 2010/07/13 v1.3 Configuration of (r)epstopdf for TeX Live
))
LaTeX Font Info:    External font `cmex10' loaded for size
(Font)              <7> on input line 30.
LaTeX Font Info:    External font `cmex10' loaded for size
(Font)              <5> on input line 30.
 [1

{/usr/local/texlive/2021/texmf-var/fonts/map/pdftex/updmap/pdftex.map}] [2]
<48-years-processor-trend.pdf, id=20, 285.065pt x 179.67125pt>
File: 48-years-processor-trend.pdf Graphic file (type pdf)
<use 48-years-processor-trend.pdf>
Package pdftex.def Info: 48-years-processor-trend.pdf  used on input line 124.
(pdftex.def)             Requested size: 347.12354pt x 218.7846pt.
 [3 <./48-years-processor-trend.pdf>]
<Processor Forecast.png, id=30, 552.0625pt x 568.1225pt>
File: Processor Forecast.png Graphic file (type png)
<use Processor Forecast.png>
Package pdftex.def Info: Processor Forecast.png  used on input line 137.
(pdftex.def)             Requested size: 347.12354pt x 357.23422pt.

Underfull \vbox (badness 10000) has occurred while \output is active []

 [4 <./Processor Forecast.png>]
LaTeX Font Info:    External font `cmex10' loaded for size
(Font)              <9> on input line 152.
LaTeX Font Info:    External font `cmex10' loaded for size
(Font)              <6> on input line 152.
<BTC Mining Performance.png, id=36, 552.0625pt x 568.1225pt>
File: BTC Mining Performance.png Graphic file (type png)
<use BTC Mining Performance.png>
Package pdftex.def Info: BTC Mining Performance.png  used on input line 168.
(pdftex.def)             Requested size: 347.12354pt x 357.23422pt.
 [5] [6 <./BTC Mining Performance.png>] [7] [8]
Overfull \hbox (15.98808pt too wide) in paragraph at lines 280--285
\OT1/cmr/m/n/10 The new dif-fi-culty is $\OML/cmm/m/it/10 Difficulty[]$\OT1/cmr/m/n/10 . The pre-vi-ous blocks dif-fi-culty is $\OML/cmm/m/it/10 Difficulty[]$\OT1/cmr/m/n/10 .
 []

[9] [10] [11] [12] [13] [14] [15] [16] [17] (./mining_economics.bbl
Underfull \hbox (badness 4647) in paragraph at lines 26--29
[]\OT1/cmr/m/n/9 Bank, W.: Elec-tric power trans-mis-sion and dis-tri-bu-tion losses (On-line,
 []


Underfull \hbox (badness 4595) in paragraph at lines 31--34
[]\OT1/cmr/m/n/9 BitcoinCore: Bit-coin core: Me-dian time past val-i-da-tion. On-line (2021),
 []


Underfull \hbox (badness 2285) in paragraph at lines 31--34
\OT1/cmr/m/n/9 https://github.com/bitcoin/bitcoin/blob/master/src/validation.cpp#L3155, last
 []


Underfull \hbox (badness 10000) in paragraph at lines 42--45
[]\OT1/cmr/m/n/9 EIA: Elec-tric power monthly. On-line (2021),
 []


Underfull \hbox (badness 10000) in paragraph at lines 42--45
\OT1/cmr/m/n/9 https://www.eia.gov/electricity/monthly/epm[]table[]grapher.php?t=epmt[]5[]6[]a,
 []


Underfull \hbox (badness 10000) in paragraph at lines 47--50
[]\OT1/cmr/m/n/9 EIA: Elec-tric-ity data browser. On-line (2021),
 []


Underfull \hbox (badness 10000) in paragraph at lines 47--50
\OT1/cmr/m/n/9 https://www.eia.gov/electricity/data/browser/#/topic/7, last ac-cessed 13
 []


Underfull \hbox (badness 4913) in paragraph at lines 52--56
[]\OT1/cmr/m/n/9 HiveOS: Go-ing to up-date your of-fi-cial bit-main firmware? don't hurry
 []


Overfull \hbox (71.15761pt too wide) in paragraph at lines 62--65
[]\OT1/cmr/m/n/9 IER: Elec-tric-ity trans-mis-sion. On-line (2021), https://www.instituteforenergyresearch.org/electricity-
 []


Underfull \hbox (badness 4084) in paragraph at lines 67--70
[]\OT1/cmr/m/n/9 Kufoglu, S., Ozku-ran, M.: Bit-coin min-ing: A global re-view of en-ergy
 []


Underfull \hbox (badness 1910) in paragraph at lines 67--70
\OT1/cmr/m/n/9 and power de-mand. En-ergy Re-search & So-cial Sci-ence \OT1/cmr/bx/n/9 58\OT1/cmr/m/n/9 , 1--12 (2019).
 []


Underfull \hbox (badness 1048) in paragraph at lines 72--75
[]\OT1/cmr/m/n/9 Maes, W., De Meyer, K., Van Over-straeten, R.: Im-pact ion-iza-tion in sil-
 []


Underfull \hbox (badness 1097) in paragraph at lines 72--75
\OT1/cmr/m/n/9 i-con: A re-view and up-date. Solid-State Elec-tron-ics \OT1/cmr/bx/n/9 33\OT1/cmr/m/n/9 (6), 705--718 (1990).
 []

[18]
Underfull \hbox (badness 10000) in paragraph at lines 77--80
[]\OT1/cmr/m/n/9 Rupp, K.: Mi-cro-pro-ces-sor trend data. On-line (2020),
 []


Underfull \hbox (badness 3735) in paragraph at lines 77--80
\OT1/cmr/m/n/9 https://github.com/karlrupp/microprocessor-trend-data, last ac-cessed 9 Dec
 []


Underfull \hbox (badness 10000) in paragraph at lines 82--85
[]\OT1/cmr/m/n/9 Shattuck, T.: Atomic or-bital ion-iza-tion en-er-gies. On-line (2017),
 []


Underfull \hbox (badness 10000) in paragraph at lines 82--85
\OT1/cmr/m/n/9 https://www.colby.edu/chemistry/PChem/notes/AOIE.pdf, last ac-cessed 9
 []

) [19] (./mining_economics.aux) ) 
Here is how much of TeX's memory you used:
 1828 strings out of 478353
 28949 string characters out of 5848086
 342981 words of memory out of 5000000
 19971 multiletter control sequences out of 15000+600000
 408097 words of font info for 43 fonts, out of 8000000 for 9000
 1141 hyphenation exceptions out of 8191
 55i,9n,62p,440b,312s stack positions out of 5000i,500n,10000p,200000b,80000s
{/usr/local/texlive/2021/texmf-dist/fonts/enc/dvips/cm-super/cm-super-ts1.enc}</usr/local/texlive/2021/texmf-dist/fonts/type1/public/amsfonts/cm/cmbx10.pfb></usr/local/texlive/2021/texmf-dist/fonts/type1/public/amsfonts/cm/cmbx12.pfb></usr/local/texlive/2021/texmf-dist/fonts/type1/public/amsfonts/cm/cmbx9.pfb></usr/local/texlive/2021/texmf-dist/fonts/type1/public/amsfonts/cm/cmex10.pfb></usr/local/texlive/2021/texmf-dist/fonts/type1/public/amsfonts/cm/cmmi10.pfb></usr/local/texlive/2021/texmf-dist/fonts/type1/public/amsfonts/cm/cmmi5.pfb></usr/local/texlive/2021/texmf-dist/fonts/type1/public/amsfonts/cm/cmmi6.pfb></usr/local/texlive/2021/texmf-dist/fonts/type1/public/amsfonts/cm/cmmi7.pfb></usr/local/texlive/2021/texmf-dist/fonts/type1/public/amsfonts/cm/cmmi9.pfb></usr/local/texlive/2021/texmf-dist/fonts/type1/public/amsfonts/cm/cmr10.pfb></usr/local/texlive/2021/texmf-dist/fonts/type1/public/amsfonts/cm/cmr5.pfb></usr/local/texlive/2021/texmf-dist/fonts/type1/public/amsfonts/cm/cmr6.pfb></usr/local/texlive/2021/texmf-dist/fonts/type1/public/amsfonts/cm/cmr7.pfb></usr/local/texlive/2021/texmf-dist/fonts/type1/public/amsfonts/cm/cmr9.pfb></usr/local/texlive/2021/texmf-dist/fonts/type1/public/amsfonts/cm/cmsy10.pfb></usr/local/texlive/2021/texmf-dist/fonts/type1/public/amsfonts/cm/cmsy6.pfb></usr/local/texlive/2021/texmf-dist/fonts/type1/public/amsfonts/cm/cmsy7.pfb></usr/local/texlive/2021/texmf-dist/fonts/type1/public/amsfonts/cm/cmsy9.pfb></usr/local/texlive/2021/texmf-dist/fonts/type1/public/amsfonts/cm/cmti10.pfb></usr/local/texlive/2021/texmf-dist/fonts/type1/public/amsfonts/cm/cmtt10.pfb></usr/local/texlive/2021/texmf-dist/fonts/type1/public/amsfonts/cm/cmtt9.pfb></usr/local/texlive/2021/texmf-dist/fonts/type1/public/cm-super/sfrm0900.pfb>
Output written on mining_economics.pdf (19 pages, 387998 bytes).
PDF statistics:
 190 PDF objects out of 1000 (max. 8388607)
 116 compressed objects within 2 object streams
 0 named destinations out of 1000 (max. 500000)
 16 words of extra memory for PDF output out of 10000 (max. 10000000)

